<?xml version="1.0" encoding="UTF-8"?>
<!-- Generated by org.testng.reporters.JUnitXMLReporter -->
<testsuite ignored="0" hostname="DESKTOP-SEN" failures="2" tests="14" name="Test" time="39.025" errors="0" timestamp="2021-04-24T07:48:26 ICT">
  <testcase classname="fpoly.testupdate" name="LaunchWebsite" time="0.534"/>
  <testcase classname="fpoly.testupdate" name="FillLoginDetails" time="1.366"/>
  <testcase classname="fpoly.testupdate" name="DoLogin" time="1.064"/>
  <testcase classname="fpoly.testupdate" name="updateUser" time="4.426"/>
  <testcase classname="fpoly.testupdate" name="testupdateSP" time="5.347">
    <failure type="java.lang.AssertionError">
      <![CDATA[java.lang.AssertionError: 
at fpoly.testupdate.testupdateSP(testupdate.java:215)
at java.base/java.util.ArrayList.forEach(ArrayList.java:1511)
... Removed 30 stack frames]]>
    </failure>
  </testcase> <!-- testupdateSP -->
  <testcase classname="fpoly.testLogin_insert" name="LaunchWebsite" time="0.518"/>
  <testcase classname="fpoly.testLogin_insert" name="FillLoginDetails" time="1.302"/>
  <testcase classname="fpoly.testLogin_insert" name="DoLogin" time="0.847"/>
  <testcase classname="fpoly.testLogin_insert" name="testinsertUser" time="6.026"/>
  <testcase classname="fpoly.testDelete" name="LaunchWebsite" time="0.617"/>
  <testcase classname="fpoly.testDelete" name="FillLoginDetails" time="1.253"/>
  <testcase classname="fpoly.testDelete" name="DoLogin" time="0.779"/>
  <testcase classname="fpoly.testDelete" name="testdeleteuser" time="5.287"/>
  <testcase classname="fpoly.testDelete" name="testdeletesp" time="5.019">
    <failure type="java.lang.AssertionError">
      <![CDATA[java.lang.AssertionError: 
at fpoly.testDelete.testdeletesp(testDelete.java:132)
at java.base/java.util.ArrayList.forEach(ArrayList.java:1511)
... Removed 30 stack frames]]>
    </failure>
  </testcase> <!-- testdeletesp -->
</testsuite> <!-- Test -->
