<?xml version="1.0" encoding="UTF-8"?>
<!-- Generated by org.testng.reporters.JUnitXMLReporter -->
<testsuite ignored="0" hostname="DESKTOP-SEN" failures="3" tests="9" name="loginTestNG" time="87.515" errors="0" timestamp="2021-04-24T04:03:32 ICT">
  <testcase classname="com.poly.test_TestNG.loginTestNG" name="TestLoginNotInformation" time="9.115"/>
  <testcase classname="com.poly.test_TestNG.loginTestNG" name="TestLoginFail" time="8.716">
    <failure type="java.lang.AssertionError" message="expected [true] but found [false]">
      <![CDATA[java.lang.AssertionError: expected [true] but found [false]
at com.poly.test_TestNG.loginTestNG.TestLoginFail(loginTestNG.java:88)
at java.base/java.util.ArrayList.forEach(ArrayList.java:1511)
at java.base/java.util.concurrent.FutureTask.run(FutureTask.java:264)
at java.base/java.util.concurrent.ThreadPoolExecutor.runWorker(ThreadPoolExecutor.java:1130)
at java.base/java.util.concurrent.ThreadPoolExecutor$Worker.run(ThreadPoolExecutor.java:630)
at java.base/java.lang.Thread.run(Thread.java:832)
... Removed 22 stack frames]]>
    </failure>
  </testcase> <!-- TestLoginFail -->
  <testcase classname="com.poly.test_TestNG.loginTestNG" name="testCustomerLoginFaill" time="8.705">
    <failure type="java.lang.AssertionError" message="expected [Nhom04 - Login or Logout] but found [Index khách hàng]">
      <![CDATA[java.lang.AssertionError: expected [Nhom04 - Login or Logout] but found [Index khách hàng]
at com.poly.test_TestNG.loginTestNG.testCustomerLoginFaill(loginTestNG.java:108)
at java.base/java.util.ArrayList.forEach(ArrayList.java:1511)
at java.base/java.util.concurrent.FutureTask.run(FutureTask.java:264)
at java.base/java.util.concurrent.ThreadPoolExecutor.runWorker(ThreadPoolExecutor.java:1130)
at java.base/java.util.concurrent.ThreadPoolExecutor$Worker.run(ThreadPoolExecutor.java:630)
at java.base/java.lang.Thread.run(Thread.java:832)
... Removed 24 stack frames]]>
    </failure>
  </testcase> <!-- testCustomerLoginFaill -->
  <testcase classname="com.poly.test_TestNG.loginTestNG" name="testCustomerLoginSuccess" time="8.667"/>
  <testcase classname="com.poly.test_TestNG.loginTestNG" name="testAdminLoginFail" time="8.76">
    <failure type="java.lang.AssertionError" message="expected [Nhom04 - Login or Logout] but found [Index Admin]">
      <![CDATA[java.lang.AssertionError: expected [Nhom04 - Login or Logout] but found [Index Admin]
at com.poly.test_TestNG.loginTestNG.testAdminLoginFail(loginTestNG.java:153)
at java.base/java.util.ArrayList.forEach(ArrayList.java:1511)
at java.base/java.util.concurrent.FutureTask.run(FutureTask.java:264)
at java.base/java.util.concurrent.ThreadPoolExecutor.runWorker(ThreadPoolExecutor.java:1130)
at java.base/java.util.concurrent.ThreadPoolExecutor$Worker.run(ThreadPoolExecutor.java:630)
at java.base/java.lang.Thread.run(Thread.java:832)
... Removed 24 stack frames]]>
    </failure>
  </testcase> <!-- testAdminLoginFail -->
  <testcase classname="com.poly.test_TestNG.loginTestNG" name="testAdminLoginSuccess" time="9.04"/>
  <testcase classname="com.poly.test_TestNG.loginTestNG" name="testAdminLogoutSuccess" time="15.053"/>
  <testcase classname="com.poly.test_TestNG.loginTestNG" name="testCustomerLogoutSuccess" time="11.821"/>
  <testcase classname="com.poly.test_TestNG.loginTestNG" name="testOldLinkToImportSuccess" time="6.078"/>
</testsuite> <!-- loginTestNG -->
