<?xml version="1.0" encoding="UTF-8"?>
<!-- Generated by org.testng.reporters.JUnitXMLReporter -->
<testsuite hostname="Admin" ignored="0" name="productTestNG" tests="3" failures="0" timestamp="2020-10-22T20:49:38 ICT" time="85.069" errors="0">
  <testcase name="testInsertProductAdminSuccess" time="19.854" classname="com.poly.test_TestNG.productTestNG"/>
  <testcase name="testUpdateProductAdminSuccess" time="20.28" classname="com.poly.test_TestNG.productTestNG"/>
  <testcase name="testdeleteProductAdminSuccess" time="4.111" classname="com.poly.test_TestNG.productTestNG"/>
</testsuite> <!-- productTestNG -->
